MobileApp/build/app/intermediates/manifest_merge_blame_file/release/manifest-merger-blame-release-report.txt
1<?xml version="1.0" encoding="utf-8"?>
2<manifest xmlns:android="http://schemas.android.com/apk/res/android"
3    package="com.example.wuoof"
4    android:versionCode="1"
5    android:versionName="1.0.0" >
6
7    <uses-sdk
8        android:minSdkVersion="16"
8-->src/main/AndroidManifest.xml
9        android:targetSdkVersion="28" />
9-->src/main/AndroidManifest.xml
10
11    <uses-permission android:name="android.permission.READ_EXTERNAL_STORAGE" />
11-->[:image_picker] AndroidManifest.xml:7:5-80
11-->[:image_picker] AndroidManifest.xml:7:22-77
12    <uses-permission android:name="android.permission.WRITE_EXTERNAL_STORAGE" />
12-->[:image_picker] AndroidManifest.xml:8:5-81
12-->[:image_picker] AndroidManifest.xml:8:22-78
13    <!--
14 io.flutter.app.FlutterApplication is an android.app.Application that
15         calls FlutterMain.startInitialization(this); in its onCreate method.
16         In most cases you can leave this as-is, but you if you want to provide
17         additional functionality it is fine to subclass or reimplement
18         FlutterApplication and put your custom class here.
19    -->
20    <application
20-->src/main/AndroidManifest.xml:8:5-29:19
21        android:name="io.flutter.app.FlutterApplication"
21-->src/main/AndroidManifest.xml:9:9-57
22        android:appComponentFactory="androidx.core.app.CoreComponentFactory"
22-->[androidx.core:core:1.0.2] AndroidManifest.xml:22:18-86
23        android:icon="@mipmap/ic_launcher"
23-->src/main/AndroidManifest.xml:11:9-43
24        android:label="wuoof" >
24-->src/main/AndroidManifest.xml:10:9-30
25        <activity
25-->src/main/AndroidManifest.xml:12:9-23:20
26            android:name="com.example.wuoof.MainActivity"
26-->src/main/AndroidManifest.xml:13:13-41
27            android:configChanges="orientation|keyboardHidden|keyboard|screenSize|smallestScreenSize|locale|layoutDirection|fontScale|screenLayout|density|uiMode"
27-->src/main/AndroidManifest.xml:16:13-163
28            android:hardwareAccelerated="true"
28-->src/main/AndroidManifest.xml:17:13-47
29            android:launchMode="singleTop"
29-->src/main/AndroidManifest.xml:14:13-43
30            android:theme="@style/LaunchTheme"
30-->src/main/AndroidManifest.xml:15:13-47
31            android:windowSoftInputMode="adjustResize" >
31-->src/main/AndroidManifest.xml:18:13-55
32            <intent-filter>
32-->src/main/AndroidManifest.xml:19:13-22:29
33                <action android:name="android.intent.action.MAIN" />
33-->src/main/AndroidManifest.xml:20:17-68
33-->src/main/AndroidManifest.xml:20:25-66
34
35                <category android:name="android.intent.category.LAUNCHER" />
35-->src/main/AndroidManifest.xml:21:17-76
35-->src/main/AndroidManifest.xml:21:27-74
36            </intent-filter>
37        </activity>
38        <!--
39             Don't delete the meta-data below.
40             This is used by the Flutter tool to generate GeneratedPluginRegistrant.java
41        -->
42        <meta-data
42-->src/main/AndroidManifest.xml:26:9-28:33
43            android:name="flutterEmbedding"
43-->src/main/AndroidManifest.xml:27:13-44
44            android:value="2" />
44-->src/main/AndroidManifest.xml:28:13-30
45
46        <provider
46-->[com.sangcomz:FishBun:0.11.2] AndroidManifest.xml:12:9-20:20
47            android:name="com.sangcomz.fishbun.FishBunFileProvider"
47-->[com.sangcomz:FishBun:0.11.2] AndroidManifest.xml:13:13-68
48            android:authorities="com.example.wuoof.fishbunfileprovider"
48-->[com.sangcomz:FishBun:0.11.2] AndroidManifest.xml:14:13-71
49            android:exported="false"
49-->[com.sangcomz:FishBun:0.11.2] AndroidManifest.xml:15:13-37
50            android:grantUriPermissions="true" >
50-->[com.sangcomz:FishBun:0.11.2] AndroidManifest.xml:16:13-47
51            <meta-data
51-->[com.sangcomz:FishBun:0.11.2] AndroidManifest.xml:17:13-19:58
52                android:name="android.support.FILE_PROVIDER_PATHS"
52-->[com.sangcomz:FishBun:0.11.2] AndroidManifest.xml:18:17-67
53                android:resource="@xml/provider_paths" />
53-->[com.sangcomz:FishBun:0.11.2] AndroidManifest.xml:19:17-55
54        </provider>
55
56        <activity
56-->[com.sangcomz:FishBun:0.11.2] AndroidManifest.xml:22:9-25:51
57            android:name="com.sangcomz.fishbun.ui.album.AlbumActivity"
57-->[com.sangcomz:FishBun:0.11.2] AndroidManifest.xml:23:13-71
58            android:label="@string/album"
58-->[com.sangcomz:FishBun:0.11.2] AndroidManifest.xml:24:13-42
59            android:theme="@style/FishBunTheme" />
59-->[com.sangcomz:FishBun:0.11.2] AndroidManifest.xml:25:13-48
60        <activity
60-->[com.sangcomz:FishBun:0.11.2] AndroidManifest.xml:26:9-28:51
61            android:name="com.sangcomz.fishbun.ui.picker.PickerActivity"
61-->[com.sangcomz:FishBun:0.11.2] AndroidManifest.xml:27:13-73
62            android:theme="@style/FishBunTheme" />
62-->[com.sangcomz:FishBun:0.11.2] AndroidManifest.xml:28:13-48
63        <activity
63-->[com.sangcomz:FishBun:0.11.2] AndroidManifest.xml:29:9-31:54
64            android:name="com.sangcomz.fishbun.ui.detail.DetailActivity"
64-->[com.sangcomz:FishBun:0.11.2] AndroidManifest.xml:30:13-73
65            android:theme="@style/DetailViewTheme" />
65-->[com.sangcomz:FishBun:0.11.2] AndroidManifest.xml:31:13-51
66
67        <provider
67-->[:image_picker] AndroidManifest.xml:11:9-19:20
68            android:name="io.flutter.plugins.imagepicker.ImagePickerFileProvider"
68-->[:image_picker] AndroidManifest.xml:12:13-82
69            android:authorities="com.example.wuoof.flutter.image_provider"
69-->[:image_picker] AndroidManifest.xml:13:13-74
70            android:exported="false"
70-->[:image_picker] AndroidManifest.xml:14:13-37
71            android:grantUriPermissions="true" >
71-->[:image_picker] AndroidManifest.xml:15:13-47
72            <meta-data
72-->[com.sangcomz:FishBun:0.11.2] AndroidManifest.xml:17:13-19:58
73                android:name="android.support.FILE_PROVIDER_PATHS"
73-->[com.sangcomz:FishBun:0.11.2] AndroidManifest.xml:18:17-67
74                android:resource="@xml/flutter_image_picker_file_paths" />
74-->[com.sangcomz:FishBun:0.11.2] AndroidManifest.xml:19:17-55
75        </provider>
76
77        <activity
77-->[:url_launcher] AndroidManifest.xml:8:9-11:74
78            android:name="io.flutter.plugins.urllauncher.WebViewActivity"
78-->[:url_launcher] AndroidManifest.xml:9:13-74
79            android:exported="false"
79-->[:url_launcher] AndroidManifest.xml:10:13-37
80            android:theme="@android:style/Theme.NoTitleBar.Fullscreen" />
80-->[:url_launcher] AndroidManifest.xml:11:13-71
81    </application>
82
83</manifest>